17:26 PM  04/09/2019Building Building1 created
17:26 PM  04/09/2019Building Building2 created
17:26 PM  04/09/2019Apartment  created
17:26 PM  04/09/2019Apartment  created
17:26 PM  04/09/2019Apartment  created
17:26 PM  04/09/2019Apartment  created
17:26 PM  04/09/2019Tenant Twinkle created
17:26 PM  04/09/2019Tenant Ayu created
17:26 PM  04/09/2019Tenant Akash created
17:26 PM  04/09/2019Tenant Prashu created
17:28 PM  04/09/2019Building Building1 created
17:28 PM  04/09/2019Building Building2 created
17:28 PM  04/09/2019Apartment  created
17:28 PM  04/09/2019Apartment  created
17:28 PM  04/09/2019Apartment  created
17:28 PM  04/09/2019Apartment  created
17:28 PM  04/09/2019Tenant Twinkle created
17:28 PM  04/09/2019Tenant Ayu created
17:28 PM  04/09/2019Tenant Akash created
17:28 PM  04/09/2019Tenant Prashu created
17:29 PM  04/09/2019Building Building1 created
17:29 PM  04/09/2019Building Building2 created
17:29 PM  04/09/2019Apartment  created
17:29 PM  04/09/2019Apartment  created
17:29 PM  04/09/2019Apartment  created
17:29 PM  04/09/2019Apartment  created
17:29 PM  04/09/2019Tenant Twinkle created
17:29 PM  04/09/2019Tenant Ayu created
17:29 PM  04/09/2019Tenant Akash created
17:29 PM  04/09/2019Tenant Prashu created
17:29 PM  04/09/2019Building Building1 created
17:29 PM  04/09/2019Building Building2 created
17:29 PM  04/09/2019Apartment  created
17:29 PM  04/09/2019Apartment  created
17:29 PM  04/09/2019Apartment  created
17:29 PM  04/09/2019Apartment  created
17:29 PM  04/09/2019Tenant Twinkle created
17:29 PM  04/09/2019Tenant Ayu created
17:29 PM  04/09/2019Tenant Akash created
17:29 PM  04/09/2019Tenant Prashu created
17:30 PM  04/09/2019Building Building1 created
17:30 PM  04/09/2019Building Building2 created
17:30 PM  04/09/2019Apartment  created
17:30 PM  04/09/2019Apartment  created
17:30 PM  04/09/2019Apartment  created
17:30 PM  04/09/2019Apartment  created
17:30 PM  04/09/2019Tenant Twinkle created
17:30 PM  04/09/2019Tenant Ayu created
17:30 PM  04/09/2019Tenant Akash created
17:30 PM  04/09/2019Tenant Prashu created
17:31 PM  04/09/2019Building Building1 created
17:31 PM  04/09/2019Building Building2 created
17:31 PM  04/09/2019Apartment  created
17:31 PM  04/09/2019Apartment  created
17:31 PM  04/09/2019Apartment  created
17:31 PM  04/09/2019Apartment  created
17:31 PM  04/09/2019Tenant Twinkle created
17:31 PM  04/09/2019Tenant Ayu created
17:31 PM  04/09/2019Tenant Akash created
17:31 PM  04/09/2019Tenant Prashu created
17:32 PM  04/09/2019Building Building1 created
17:32 PM  04/09/2019Building Building2 created
17:32 PM  04/09/2019Apartment  created
17:32 PM  04/09/2019Apartment  created
17:32 PM  04/09/2019Apartment  created
17:32 PM  04/09/2019Apartment  created
17:32 PM  04/09/2019Tenant Twinkle created
17:32 PM  04/09/2019Tenant Ayu created
17:32 PM  04/09/2019Tenant Akash created
17:32 PM  04/09/2019Tenant Prashu created
17:33 PM  04/09/2019Building Building1 created
17:33 PM  04/09/2019Building Building2 created
17:33 PM  04/09/2019Apartment  created
17:33 PM  04/09/2019Apartment  created
17:33 PM  04/09/2019Apartment  created
17:33 PM  04/09/2019Apartment  created
17:33 PM  04/09/2019Tenant Twinkle created
17:33 PM  04/09/2019Tenant Ayu created
17:33 PM  04/09/2019Tenant Akash created
17:33 PM  04/09/2019Tenant Prashu created
17:33 PM  04/09/2019Building Building1 created
17:33 PM  04/09/2019Building Building2 created
17:33 PM  04/09/2019Apartment  created
17:33 PM  04/09/2019Apartment  created
17:33 PM  04/09/2019Apartment  created
17:33 PM  04/09/2019Apartment  created
17:33 PM  04/09/2019Tenant Twinkle created
17:33 PM  04/09/2019Tenant Ayu created
17:33 PM  04/09/2019Tenant Akash created
17:33 PM  04/09/2019Tenant Prashu created
17:33 PM  04/09/2019Building Building1 created
17:33 PM  04/09/2019Building Building2 created
17:33 PM  04/09/2019Apartment  created
17:33 PM  04/09/2019Apartment  created
17:33 PM  04/09/2019Apartment  created
17:33 PM  04/09/2019Apartment  created
17:33 PM  04/09/2019Tenant Twinkle created
17:33 PM  04/09/2019Tenant Ayu created
17:33 PM  04/09/2019Tenant Akash created
17:33 PM  04/09/2019Tenant Prashu created
17:34 PM  04/09/2019Building Building1 created
17:34 PM  04/09/2019Building Building2 created
17:34 PM  04/09/2019Apartment  created
17:34 PM  04/09/2019Apartment  created
17:34 PM  04/09/2019Apartment  created
17:34 PM  04/09/2019Apartment  created
17:34 PM  04/09/2019Tenant Twinkle created
17:34 PM  04/09/2019Tenant Ayu created
17:34 PM  04/09/2019Tenant Akash created
17:34 PM  04/09/2019Tenant Prashu created
17:37 PM  04/09/2019Building Building1 created
17:37 PM  04/09/2019Building Building2 created
17:37 PM  04/09/2019Apartment  created
17:37 PM  04/09/2019Apartment  created
17:37 PM  04/09/2019Apartment  created
17:37 PM  04/09/2019Apartment  created
17:37 PM  04/09/2019Tenant Twinkle created
17:37 PM  04/09/2019Tenant Ayu created
17:37 PM  04/09/2019Tenant Akash created
17:37 PM  04/09/2019Tenant Prashu created
17:38 PM  04/09/2019Building Building1 created
17:38 PM  04/09/2019Building Building2 created
17:38 PM  04/09/2019Apartment  created
17:38 PM  04/09/2019Apartment  created
17:38 PM  04/09/2019Apartment  created
17:38 PM  04/09/2019Apartment  created
17:38 PM  04/09/2019Tenant Twinkle created
17:38 PM  04/09/2019Tenant Ayu created
17:38 PM  04/09/2019Tenant Akash created
17:38 PM  04/09/2019Tenant Prashu created
17:42 PM  04/09/2019Building Platinum Plaza created
17:42 PM  04/09/2019Building Dreams Akruti created
17:42 PM  04/09/2019Building BT landmark created
17:42 PM  04/09/2019Building Global Park created
17:42 PM  04/09/2019Apartment  created
17:42 PM  04/09/2019Apartment  created
17:42 PM  04/09/2019Apartment  created
17:42 PM  04/09/2019Apartment  created
17:42 PM  04/09/2019Tenant Twinkle created
17:42 PM  04/09/2019Tenant Ayu created
17:42 PM  04/09/2019Tenant Akash created
17:42 PM  04/09/2019Tenant Prashu created
17:43 PM  04/09/2019Building Platinum Plaza created
17:43 PM  04/09/2019Building Dreams Akruti created
17:43 PM  04/09/2019Building BT landmark created
17:43 PM  04/09/2019Apartment  created
17:43 PM  04/09/2019Apartment  created
17:43 PM  04/09/2019Apartment  created
17:43 PM  04/09/2019Tenant Twinkle created
17:43 PM  04/09/2019Tenant Ayu created
17:43 PM  04/09/2019Tenant Prashu created
17:45 PM  04/09/2019Building Platinum Plaza created
17:45 PM  04/09/2019Building Dreams Akruti created
17:45 PM  04/09/2019Building BT landmark created
17:45 PM  04/09/2019Apartment  created
17:45 PM  04/09/2019Apartment  created
17:45 PM  04/09/2019Apartment  created
17:45 PM  04/09/2019Tenant Twinkle created
17:45 PM  04/09/2019Tenant Ayu created
17:45 PM  04/09/2019Tenant Prashu created
17:46 PM  04/09/2019Building BT landmark created
17:48 PM  04/09/2019Apartment 1 created
 9:40 AM  05/09/2019Building Platinum Plaza created
 9:40 AM  05/09/2019Building Dreams Akruti created
 9:40 AM  05/09/2019Building BT landmark created
 9:40 AM  05/09/2019Apartment  created
 9:40 AM  05/09/2019Apartment  created
 9:40 AM  05/09/2019Apartment  created
 9:40 AM  05/09/2019Tenant Twinkle created
 9:40 AM  05/09/2019Tenant Ayu created
 9:40 AM  05/09/2019Tenant Prashu created
 9:40 AM  05/09/2019Building removed  Platinum Plaza 9:41 AM  05/09/2019Building Platinum Plaza created
 9:41 AM  05/09/2019Building Dreams Akruti created
 9:41 AM  05/09/2019Building BT landmark created
 9:41 AM  05/09/2019Building Global Park created
 9:41 AM  05/09/2019Apartment  created
 9:41 AM  05/09/2019Apartment  created
 9:41 AM  05/09/2019Apartment  created
 9:41 AM  05/09/2019Apartment  created
 9:41 AM  05/09/2019Tenant Twinkle created
 9:41 AM  05/09/2019Tenant Ayu created
 9:41 AM  05/09/2019Tenant Akash created
 9:41 AM  05/09/2019Tenant Prashu created
 9:41 AM  05/09/2019Building removed  Platinum Plaza 9:42 AM  05/09/2019Building Platinum Plaza created
 9:42 AM  05/09/2019Building Dreams Akruti created
 9:42 AM  05/09/2019Building BT landmark created
 9:42 AM  05/09/2019Building Global Park created
 9:42 AM  05/09/2019Apartment  created
 9:42 AM  05/09/2019Apartment  created
 9:42 AM  05/09/2019Apartment  created
 9:42 AM  05/09/2019Apartment  created
 9:42 AM  05/09/2019Tenant Twinkle created
 9:42 AM  05/09/2019Tenant Ayu created
 9:42 AM  05/09/2019Tenant Akash created
 9:42 AM  05/09/2019Tenant Prashu created
 9:42 AM  05/09/2019Building removed  Platinum Plaza 9:45 AM  05/09/2019Building Platinum Plaza created
 9:45 AM  05/09/2019Building Dreams Akruti created
 9:45 AM  05/09/2019Building BT landmark created
 9:45 AM  05/09/2019Building Global Park created
 9:45 AM  05/09/2019Apartment  created
 9:45 AM  05/09/2019Apartment  created
 9:45 AM  05/09/2019Apartment  created
 9:45 AM  05/09/2019Apartment  created
 9:45 AM  05/09/2019Tenant Twinkle created
 9:45 AM  05/09/2019Tenant Ayu created
 9:45 AM  05/09/2019Tenant Akash created
 9:45 AM  05/09/2019Tenant Prashu created
 9:45 AM  05/09/2019Tenant Twinkle created
 9:45 AM  05/09/2019Building removed  Platinum Plaza 9:46 AM  05/09/2019Building Platinum Plaza created
 9:46 AM  05/09/2019Building Dreams Akruti created
 9:46 AM  05/09/2019Building BT landmark created
 9:46 AM  05/09/2019Building Global Park created
 9:46 AM  05/09/2019Apartment  created
 9:46 AM  05/09/2019Apartment  created
 9:46 AM  05/09/2019Apartment  created
 9:46 AM  05/09/2019Apartment  created
 9:46 AM  05/09/2019Tenant Twinkle created
 9:46 AM  05/09/2019Tenant Ayu created
 9:46 AM  05/09/2019Tenant Akash created
 9:46 AM  05/09/2019Tenant Prashu created
 9:46 AM  05/09/2019Tenant swati created
 9:46 AM  05/09/2019Building removed  Platinum Plaza